0 silly argv {
0 silly argv   _: [ 'bootstrap' ],
0 silly argv   lernaVersion: '4.0.0',
0 silly argv   '$0': '/Users/krzysztof/.npm/_npx/d5cad42883f80c04/node_modules/.bin/lerna'
0 silly argv }
1 notice cli v4.0.0
2 verbose rootPath /Users/krzysztof/Work/react-router-playground
3 error JSONError: Unexpected token "/" (0x2F) in JSON at position 130 while parsing near "...: \"src/index.js\",\n  // \"module\": \"build/..." in packages/aboutus/package.json
3 error
3 error [0m [90m  5 |[39m   [32m"module"[39m[33m:[39m [32m"src/index.js"[39m[33m,[39m[0m
3 error [0m [90m  6 |[39m   [32m"main"[39m[33m:[39m [32m"src/index.js"[39m[33m,[39m[0m
3 error [0m[31m[1m>[22m[39m[90m  7 |[39m   [90m// "module": "build/esm/index.js",[39m[0m
3 error [0m [90m    |[39m   [31m[1m^[22m[39m[0m
3 error [0m [90m  8 |[39m   [90m// "main": "build/cjs/index.js",[39m[0m
3 error [0m [90m  9 |[39m   [32m"types"[39m[33m:[39m [32m"build/cjs/index.d.ts"[39m[33m,[39m[0m
3 error [0m [90m 10 |[39m   [32m"files"[39m[33m:[39m [[0m
3 error
3 error     at parseJson (/Users/krzysztof/.npm/_npx/d5cad42883f80c04/node_modules/parse-json/index.js:29:21)
3 error     at parse (/Users/krzysztof/.npm/_npx/d5cad42883f80c04/node_modules/load-json-file/index.js:15:9)
3 error     at module.exports (/Users/krzysztof/.npm/_npx/d5cad42883f80c04/node_modules/load-json-file/index.js:18:47)
